  [1m[36mSQL (0.5ms)[0m  [1m SELECT name
 FROM sqlite_master
 WHERE type = 'table' AND NOT name = 'sqlite_sequence'
[0m
  [1m[35mSQL (0.1ms)[0m  select sqlite_version(*)
  [1m[36mSQL (9.3ms)[0m  [1mCREATE TABLE "schema_migrations" ("version" varchar(255) NOT NULL) [0m
  [1m[35mSQL (0.1ms)[0m  PRAGMA index_list("schema_migrations")
  [1m[36mSQL (3.1ms)[0m  [1mCREATE UNIQUE INDEX "unique_schema_migrations" ON "schema_migrations" ("version")[0m
  [1m[35mSQL (0.6ms)[0m   SELECT name
 FROM sqlite_master
 WHERE type = 'table' AND NOT name = 'sqlite_sequence'
  [1m[36mSQL (0.3ms)[0m  [1m SELECT name
 FROM sqlite_master
 WHERE type = 'table' AND NOT name = 'sqlite_sequence'
[0m
  [1m[35mSQL (0.2ms)[0m  SELECT "schema_migrations"."version" FROM "schema_migrations"
Migrating to CreateUsers (20110913162054)
  [1m[36mSQL (0.5ms)[0m  [1mCREATE TABLE "users" ("id" INTEGER PRIMARY KEY AUTOINCREMENT NOT NULL, "name" varchar(255), "email" varchar(255), "created_at" datetime, "updated_at" datetime) [0m
  [1m[35mSQL (0.1ms)[0m  INSERT INTO "schema_migrations" ("version") VALUES ('20110913162054')
  [1m[36mSQL (0.3ms)[0m  [1m SELECT name
 FROM sqlite_master
 WHERE type = 'table' AND NOT name = 'sqlite_sequence'
[0m
  [1m[35mSQL (0.1ms)[0m  SELECT "schema_migrations"."version" FROM "schema_migrations"
  [1m[36mSQL (0.2ms)[0m  [1m SELECT name
 FROM sqlite_master
 WHERE type = 'table' AND NOT name = 'sqlite_sequence'
[0m
  [1m[35mSQL (0.1ms)[0m  PRAGMA index_list("users")
DEPRECATION WARNING: config.action_view.debug_rjs will be removed in 3.1, from 3.1 onwards you will need to install prototype-rails to continue to use RJS templates . (called from service at /home/mingot/.rvm/rubies/ruby-1.9.2-p290/lib/ruby/1.9.1/webrick/httpserver.rb:111)


Started GET "/users" for 127.0.0.1 at 2011-09-13 19:00:31 +0200
  Processing by UsersController#index as HTML
  [1m[36mUser Load (0.6ms)[0m  [1mSELECT "users".* FROM "users"[0m
Rendered users/index.html.erb within layouts/application (6.1ms)
Completed 200 OK in 132ms (Views: 19.9ms | ActiveRecord: 0.6ms)


Started GET "/home" for 127.0.0.1 at 2011-09-13 19:00:41 +0200

ActionController::RoutingError (No route matches "/home"):
  

Rendered /home/mingot/.rvm/gems/ruby-1.9.2-p290@rails3tutorial/gems/actionpack-3.0.9/lib/action_dispatch/middleware/templates/rescues/routing_error.erb within rescues/layout (1.6ms)


Started GET "/pages/home" for 127.0.0.1 at 2011-09-13 19:02:02 +0200

ActionController::RoutingError (No route matches "/pages/home"):
  

Rendered /home/mingot/.rvm/gems/ruby-1.9.2-p290@rails3tutorial/gems/actionpack-3.0.9/lib/action_dispatch/middleware/templates/rescues/routing_error.erb within rescues/layout (1.3ms)
DEPRECATION WARNING: config.action_view.debug_rjs will be removed in 3.1, from 3.1 onwards you will need to install prototype-rails to continue to use RJS templates . (called from service at /home/mingot/.rvm/rubies/ruby-1.9.2-p290/lib/ruby/1.9.1/webrick/httpserver.rb:111)


Started GET "/" for 127.0.0.1 at 2011-09-14 13:13:51 +0200
  Processing by PagesController#home as HTML
Rendered pages/home.html.erb within layouts/application (2.7ms)
Completed 200 OK in 9ms (Views: 8.2ms | ActiveRecord: 0.0ms)
DEPRECATION WARNING: config.action_view.debug_rjs will be removed in 3.1, from 3.1 onwards you will need to install prototype-rails to continue to use RJS templates . (called from service at /home/mingot/.rvm/rubies/ruby-1.9.2-p290/lib/ruby/1.9.1/webrick/httpserver.rb:111)


Started GET "/" for 127.0.0.1 at 2011-09-14 13:18:57 +0200
  Processing by PagesController#home as HTML
Rendered pages/home.html.erb within layouts/application (52.2ms)
Completed 500 Internal Server Error in 58ms

ActionView::Template::Error (Missing partial layouts/stylesheets with {:handlers=>[:erb, :rjs, :builder, :rhtml, :rxml], :formats=>[:html], :locale=>[:en, :en]} in view paths "/home/mingot/Projectes/rails/alumni/app/views"):
    3:   <head>
    4:     <title><%= title %></title>
    5:     <%= csrf_meta_tag %>
    6:     <%= render 'layouts/stylesheets' %>
    7:   </head>
    8:   <body>
    9:     <div class="container">
  app/views/layouts/application.html.erb:6:in `_app_views_layouts_application_html_erb___4412178467467364084_29805720_3341956929460718339'

Rendered /home/mingot/.rvm/gems/ruby-1.9.2-p290@rails3tutorial/gems/actionpack-3.0.9/lib/action_dispatch/middleware/templates/rescues/_trace.erb (2.3ms)
Rendered /home/mingot/.rvm/gems/ruby-1.9.2-p290@rails3tutorial/gems/actionpack-3.0.9/lib/action_dispatch/middleware/templates/rescues/_request_and_response.erb (4.0ms)
Rendered /home/mingot/.rvm/gems/ruby-1.9.2-p290@rails3tutorial/gems/actionpack-3.0.9/lib/action_dispatch/middleware/templates/rescues/template_error.erb within rescues/layout (11.9ms)


Started GET "/" for 127.0.0.1 at 2011-09-14 13:19:02 +0200
  Processing by PagesController#home as HTML
Rendered pages/home.html.erb within layouts/application (2.6ms)
Completed 500 Internal Server Error in 8ms

ActionView::Template::Error (Missing partial layouts/stylesheets with {:handlers=>[:erb, :rjs, :builder, :rhtml, :rxml], :formats=>[:html], :locale=>[:en, :en]} in view paths "/home/mingot/Projectes/rails/alumni/app/views"):
    3:   <head>
    4:     <title><%= title %></title>
    5:     <%= csrf_meta_tag %>
    6:     <%= render 'layouts/stylesheets' %>
    7:   </head>
    8:   <body>
    9:     <div class="container">
  app/views/layouts/application.html.erb:6:in `_app_views_layouts_application_html_erb___4412178467467364084_30091440_3341956929460718339'

Rendered /home/mingot/.rvm/gems/ruby-1.9.2-p290@rails3tutorial/gems/actionpack-3.0.9/lib/action_dispatch/middleware/templates/rescues/_trace.erb (1.5ms)
Rendered /home/mingot/.rvm/gems/ruby-1.9.2-p290@rails3tutorial/gems/actionpack-3.0.9/lib/action_dispatch/middleware/templates/rescues/_request_and_response.erb (3.8ms)
Rendered /home/mingot/.rvm/gems/ruby-1.9.2-p290@rails3tutorial/gems/actionpack-3.0.9/lib/action_dispatch/middleware/templates/rescues/template_error.erb within rescues/layout (10.6ms)


Started GET "/" for 127.0.0.1 at 2011-09-14 13:20:49 +0200
  Processing by PagesController#home as HTML
Rendered layouts/_stylesheets.html.erb (1.3ms)
Rendered pages/home.html.erb within layouts/application (4.9ms)
Completed 500 Internal Server Error in 10ms

ActionView::Template::Error (Missing partial layouts/header with {:handlers=>[:erb, :rjs, :builder, :rhtml, :rxml], :formats=>[:html], :locale=>[:en, :en]} in view paths "/home/mingot/Projectes/rails/alumni/app/views"):
    7:   </head>
    8:   <body>
    9:     <div class="container">
    10:       <%= render 'layouts/header' %>
    11:       <section class="round">
    12:         <%= yield %>
    13:       </section>
  app/views/layouts/application.html.erb:10:in `_app_views_layouts_application_html_erb___4412178467467364084_21462420_3341956929460718339'

Rendered /home/mingot/.rvm/gems/ruby-1.9.2-p290@rails3tutorial/gems/actionpack-3.0.9/lib/action_dispatch/middleware/templates/rescues/_trace.erb (1.8ms)
Rendered /home/mingot/.rvm/gems/ruby-1.9.2-p290@rails3tutorial/gems/actionpack-3.0.9/lib/action_dispatch/middleware/templates/rescues/_request_and_response.erb (3.8ms)
Rendered /home/mingot/.rvm/gems/ruby-1.9.2-p290@rails3tutorial/gems/actionpack-3.0.9/lib/action_dispatch/middleware/templates/rescues/template_error.erb within rescues/layout (10.8ms)


Started GET "/" for 127.0.0.1 at 2011-09-14 13:21:33 +0200
  Processing by PagesController#home as HTML
Rendered layouts/_stylesheets.html.erb (1.4ms)
Rendered layouts/_header.html.erb (3.3ms)
Rendered layouts/_footer.html.erb (1.3ms)
Rendered pages/home.html.erb within layouts/application (42.9ms)
Completed 200 OK in 49ms (Views: 47.9ms | ActiveRecord: 0.0ms)


Started GET "/images/logo.png" for 127.0.0.1 at 2011-09-14 13:21:33 +0200

ActionController::RoutingError (No route matches "/images/logo.png"):
  

Rendered /home/mingot/.rvm/gems/ruby-1.9.2-p290@rails3tutorial/gems/actionpack-3.0.9/lib/action_dispatch/middleware/templates/rescues/routing_error.erb within rescues/layout (1.6ms)


Started GET "/" for 127.0.0.1 at 2011-09-14 13:34:18 +0200
  Processing by PagesController#home as HTML
Rendered layouts/_stylesheets.html.erb (1.3ms)
Rendered layouts/_header.html.erb (1.8ms)
Rendered layouts/_footer.html.erb (1.1ms)
Rendered pages/home.html.erb within layouts/application (9.3ms)
Completed 200 OK in 15ms (Views: 14.2ms | ActiveRecord: 0.0ms)


Started GET "/images/logo.png" for 127.0.0.1 at 2011-09-14 13:34:18 +0200

ActionController::RoutingError (No route matches "/images/logo.png"):
  

Rendered /home/mingot/.rvm/gems/ruby-1.9.2-p290@rails3tutorial/gems/actionpack-3.0.9/lib/action_dispatch/middleware/templates/rescues/routing_error.erb within rescues/layout (3.3ms)


Started GET "/contact" for 127.0.0.1 at 2011-09-14 13:34:22 +0200
  Processing by PagesController#contact as HTML
Rendered layouts/_stylesheets.html.erb (2.9ms)
Rendered layouts/_header.html.erb (2.8ms)
Rendered layouts/_footer.html.erb (1.1ms)
Rendered pages/contact.html.erb within layouts/application (15.7ms)
Completed 200 OK in 43ms (Views: 42.1ms | ActiveRecord: 0.0ms)


Started GET "/images/logo.png" for 127.0.0.1 at 2011-09-14 13:34:23 +0200

ActionController::RoutingError (No route matches "/images/logo.png"):
  

Rendered /home/mingot/.rvm/gems/ruby-1.9.2-p290@rails3tutorial/gems/actionpack-3.0.9/lib/action_dispatch/middleware/templates/rescues/routing_error.erb within rescues/layout (1.7ms)


Started GET "/about" for 127.0.0.1 at 2011-09-14 13:34:29 +0200
  Processing by PagesController#about as HTML
Rendered layouts/_stylesheets.html.erb (3.0ms)
Rendered layouts/_header.html.erb (3.4ms)
Rendered layouts/_footer.html.erb (2.0ms)
Rendered pages/about.html.erb within layouts/application (18.5ms)
Completed 200 OK in 42ms (Views: 41.7ms | ActiveRecord: 0.0ms)


Started GET "/images/logo.png" for 127.0.0.1 at 2011-09-14 13:34:29 +0200

ActionController::RoutingError (No route matches "/images/logo.png"):
  

Rendered /home/mingot/.rvm/gems/ruby-1.9.2-p290@rails3tutorial/gems/actionpack-3.0.9/lib/action_dispatch/middleware/templates/rescues/routing_error.erb within rescues/layout (1.5ms)


Started GET "/" for 127.0.0.1 at 2011-09-14 13:41:35 +0200
  Processing by PagesController#home as HTML
Rendered layouts/_stylesheets.html.erb (1.5ms)
Rendered layouts/_header.html.erb (1.6ms)
Rendered layouts/_footer.html.erb (1.2ms)
Rendered pages/home.html.erb within layouts/application (9.5ms)
Completed 200 OK in 15ms (Views: 14.2ms | ActiveRecord: 0.0ms)


Started GET "/images/logo.png" for 127.0.0.1 at 2011-09-14 13:41:35 +0200

ActionController::RoutingError (No route matches "/images/logo.png"):
  

Rendered /home/mingot/.rvm/gems/ruby-1.9.2-p290@rails3tutorial/gems/actionpack-3.0.9/lib/action_dispatch/middleware/templates/rescues/routing_error.erb within rescues/layout (2.7ms)


Started GET "/help" for 127.0.0.1 at 2011-09-14 13:41:37 +0200
  Processing by PagesController#help as HTML
Rendered layouts/_stylesheets.html.erb (1.6ms)
Rendered layouts/_header.html.erb (2.0ms)
Rendered layouts/_footer.html.erb (1.9ms)
Rendered pages/help.html.erb within layouts/application (17.4ms)
Completed 200 OK in 44ms (Views: 43.2ms | ActiveRecord: 0.0ms)


Started GET "/images/logo.png" for 127.0.0.1 at 2011-09-14 13:41:37 +0200

ActionController::RoutingError (No route matches "/images/logo.png"):
  

Rendered /home/mingot/.rvm/gems/ruby-1.9.2-p290@rails3tutorial/gems/actionpack-3.0.9/lib/action_dispatch/middleware/templates/rescues/routing_error.erb within rescues/layout (1.9ms)


Started GET "/about" for 127.0.0.1 at 2011-09-14 13:41:39 +0200
  Processing by PagesController#about as HTML
Rendered layouts/_stylesheets.html.erb (1.4ms)
Rendered layouts/_header.html.erb (1.9ms)
Rendered layouts/_footer.html.erb (1.1ms)
Rendered pages/about.html.erb within layouts/application (9.3ms)
Completed 200 OK in 15ms (Views: 14.3ms | ActiveRecord: 0.0ms)


Started GET "/images/logo.png" for 127.0.0.1 at 2011-09-14 13:41:40 +0200

ActionController::RoutingError (No route matches "/images/logo.png"):
  

Rendered /home/mingot/.rvm/gems/ruby-1.9.2-p290@rails3tutorial/gems/actionpack-3.0.9/lib/action_dispatch/middleware/templates/rescues/routing_error.erb within rescues/layout (1.8ms)


Started GET "/contact" for 127.0.0.1 at 2011-09-14 13:41:41 +0200
  Processing by PagesController#contact as HTML
Rendered layouts/_stylesheets.html.erb (1.3ms)
Rendered layouts/_header.html.erb (1.6ms)
Rendered layouts/_footer.html.erb (1.0ms)
Rendered pages/contact.html.erb within layouts/application (8.8ms)
Completed 200 OK in 15ms (Views: 14.5ms | ActiveRecord: 0.0ms)


Started GET "/images/logo.png" for 127.0.0.1 at 2011-09-14 13:41:42 +0200

ActionController::RoutingError (No route matches "/images/logo.png"):
  

Rendered /home/mingot/.rvm/gems/ruby-1.9.2-p290@rails3tutorial/gems/actionpack-3.0.9/lib/action_dispatch/middleware/templates/rescues/routing_error.erb within rescues/layout (6.8ms)


Started GET "/contact" for 127.0.0.1 at 2011-09-14 13:51:05 +0200
  Processing by PagesController#contact as HTML
Rendered layouts/_stylesheets.html.erb (1.5ms)
Rendered layouts/_header.html.erb (1.6ms)
Rendered layouts/_footer.html.erb (1.0ms)
Rendered pages/contact.html.erb within layouts/application (9.5ms)
Completed 200 OK in 15ms (Views: 14.1ms | ActiveRecord: 0.0ms)


Started GET "/images/logo.png" for 127.0.0.1 at 2011-09-14 13:51:05 +0200

ActionController::RoutingError (No route matches "/images/logo.png"):
  

Rendered /home/mingot/.rvm/gems/ruby-1.9.2-p290@rails3tutorial/gems/actionpack-3.0.9/lib/action_dispatch/middleware/templates/rescues/routing_error.erb within rescues/layout (1.5ms)


Started GET "/" for 127.0.0.1 at 2011-09-14 13:51:08 +0200
  Processing by PagesController#home as HTML
Rendered layouts/_stylesheets.html.erb (1.3ms)
Rendered layouts/_header.html.erb (1.8ms)
Rendered layouts/_footer.html.erb (1.0ms)
Rendered pages/home.html.erb within layouts/application (9.3ms)
Completed 200 OK in 15ms (Views: 14.2ms | ActiveRecord: 0.0ms)


Started GET "/images/logo.png" for 127.0.0.1 at 2011-09-14 13:51:09 +0200

ActionController::RoutingError (No route matches "/images/logo.png"):
  

Rendered /home/mingot/.rvm/gems/ruby-1.9.2-p290@rails3tutorial/gems/actionpack-3.0.9/lib/action_dispatch/middleware/templates/rescues/routing_error.erb within rescues/layout (2.9ms)


Started GET "/signup" for 127.0.0.1 at 2011-09-14 13:51:11 +0200
  Processing by UsersController#new as HTML
Rendered layouts/_stylesheets.html.erb (1.2ms)
Rendered layouts/_header.html.erb (1.7ms)
Rendered layouts/_footer.html.erb (1.0ms)
Rendered users/new.html.erb within layouts/application (8.6ms)
Completed 200 OK in 14ms (Views: 13.5ms | ActiveRecord: 0.0ms)


Started GET "/images/logo.png" for 127.0.0.1 at 2011-09-14 13:51:11 +0200

ActionController::RoutingError (No route matches "/images/logo.png"):
  

Rendered /home/mingot/.rvm/gems/ruby-1.9.2-p290@rails3tutorial/gems/actionpack-3.0.9/lib/action_dispatch/middleware/templates/rescues/routing_error.erb within rescues/layout (1.3ms)
  [1m[36mSQL (0.9ms)[0m  [1m SELECT name
 FROM sqlite_master
 WHERE type = 'table' AND NOT name = 'sqlite_sequence'
[0m
  [1m[35mSQL (0.1ms)[0m   SELECT name
 FROM sqlite_master
 WHERE type = 'table' AND NOT name = 'sqlite_sequence'
  [1m[36mSQL (0.1ms)[0m  [1mSELECT "schema_migrations"."version" FROM "schema_migrations"[0m
Migrating to CreateUsers (20110914122555)
  [1m[35mSQL (0.1ms)[0m  select sqlite_version(*)
  [1m[36mSQL (0.2ms)[0m  [1mCREATE TABLE "users" ("id" INTEGER PRIMARY KEY AUTOINCREMENT NOT NULL, "name" varchar(255), "email" varchar(255), "created_at" datetime, "updated_at" datetime) [0m
SQLite3::SQLException: table "users" already exists: CREATE TABLE "users" ("id" INTEGER PRIMARY KEY AUTOINCREMENT NOT NULL, "name" varchar(255), "email" varchar(255), "created_at" datetime, "updated_at" datetime) 
  [1m[36mSQL (0.7ms)[0m  [1m SELECT name
 FROM sqlite_master
 WHERE type = 'table' AND NOT name = 'sqlite_sequence'
[0m
  [1m[35mSQL (0.1ms)[0m  select sqlite_version(*)
  [1m[36mSQL (3.9ms)[0m  [1mCREATE TABLE "schema_migrations" ("version" varchar(255) NOT NULL) [0m
  [1m[35mSQL (0.1ms)[0m  PRAGMA index_list("schema_migrations")
  [1m[36mSQL (2.2ms)[0m  [1mCREATE UNIQUE INDEX "unique_schema_migrations" ON "schema_migrations" ("version")[0m
  [1m[35mSQL (0.2ms)[0m   SELECT name
 FROM sqlite_master
 WHERE type = 'table' AND NOT name = 'sqlite_sequence'
  [1m[36mSQL (0.2ms)[0m  [1m SELECT name
 FROM sqlite_master
 WHERE type = 'table' AND NOT name = 'sqlite_sequence'
[0m
  [1m[35mSQL (0.1ms)[0m  SELECT "schema_migrations"."version" FROM "schema_migrations"
Migrating to CreateUsers (20110914122555)
  [1m[36mSQL (0.8ms)[0m  [1mCREATE TABLE "users" ("id" INTEGER PRIMARY KEY AUTOINCREMENT NOT NULL, "name" varchar(255), "email" varchar(255), "created_at" datetime, "updated_at" datetime) [0m
  [1m[35mSQL (0.2ms)[0m  INSERT INTO "schema_migrations" ("version") VALUES ('20110914122555')
  [1m[36mSQL (0.2ms)[0m  [1m SELECT name
 FROM sqlite_master
 WHERE type = 'table' AND NOT name = 'sqlite_sequence'
[0m
  [1m[35mSQL (0.1ms)[0m  SELECT "schema_migrations"."version" FROM "schema_migrations"
  [1m[36mSQL (0.1ms)[0m  [1m SELECT name
 FROM sqlite_master
 WHERE type = 'table' AND NOT name = 'sqlite_sequence'
[0m
  [1m[35mSQL (0.1ms)[0m  PRAGMA index_list("users")
  [1m[36mSQL (0.4ms)[0m  [1m SELECT name
 FROM sqlite_master
 WHERE type = 'table' AND NOT name = 'sqlite_sequence'
[0m
  [1m[35mAREL (0.4ms)[0m  INSERT INTO "users" ("name", "email", "created_at", "updated_at") VALUES ('Josep Marc Mingot', 'neo@me.com', '2011-09-14 14:49:43.081755', '2011-09-14 14:49:43.081755')
  [1m[36mAREL (0.3ms)[0m  [1mINSERT INTO "users" ("name", "email", "created_at", "updated_at") VALUES ('caca', 'caca@gmail.com', '2011-09-14 14:54:38.603497', '2011-09-14 14:54:38.603497')[0m
  [1m[35mAREL (0.2ms)[0m  INSERT INTO "users" ("name", "email", "created_at", "updated_at") VALUES ('ramonet', 'ramonet@gmail.com', '2011-09-14 14:54:52.422930', '2011-09-14 14:54:52.422930')
  [1m[36mUser Load (0.4ms)[0m  [1mSELECT "users".* FROM "users" WHERE "users"."id" = 1 LIMIT 1[0m
  [1m[35mUser Load (0.3ms)[0m  SELECT "users".* FROM "users" WHERE "users"."id" = 0 LIMIT 1
  [1m[36mUser Load (0.2ms)[0m  [1mSELECT "users".* FROM "users" WHERE "users"."email" = 'caca' LIMIT 1[0m
  [1m[35mUser Load (0.4ms)[0m  SELECT "users".* FROM "users" WHERE "users"."email" = 'caca@gmail.com' LIMIT 1
  [1m[36mAREL (0.3ms)[0m  [1mUPDATE "users" SET "email" = 'joe@me.com', "updated_at" = '2011-09-14 14:57:05.741720' WHERE "users"."id" = 1[0m
  [1m[36mSQL (0.5ms)[0m  [1m SELECT name
 FROM sqlite_master
 WHERE type = 'table' AND NOT name = 'sqlite_sequence'
[0m
  [1m[35mAREL (0.4ms)[0m  INSERT INTO "users" ("name", "email", "created_at", "updated_at") VALUES ('ss', 'ca', '2011-09-14 15:05:25.221392', '2011-09-14 15:05:25.221392')
  [1m[36mSQL (0.6ms)[0m  [1m SELECT name
 FROM sqlite_master
 WHERE type = 'table' AND NOT name = 'sqlite_sequence'
[0m
  [1m[35mSQL (0.1ms)[0m   SELECT name
 FROM sqlite_master
 WHERE type = 'table' AND NOT name = 'sqlite_sequence'
  [1m[36mSQL (0.1ms)[0m  [1mSELECT "schema_migrations"."version" FROM "schema_migrations"[0m
Migrating to CreateUsers (20110914122555)
Migrating to AddEmailUniquenessIndex (20110914154355)
  [1m[35mSQL (0.1ms)[0m  select sqlite_version(*)
  [1m[36mSQL (0.1ms)[0m  [1mPRAGMA index_list("users")[0m
  [1m[35mSQL (0.5ms)[0m  CREATE UNIQUE INDEX "index_users_on_email" ON "users" ("email")
  [1m[36mSQL (0.1ms)[0m  [1mINSERT INTO "schema_migrations" ("version") VALUES ('20110914154355')[0m
  [1m[35mSQL (0.2ms)[0m   SELECT name
 FROM sqlite_master
 WHERE type = 'table' AND NOT name = 'sqlite_sequence'
  [1m[36mSQL (0.1ms)[0m  [1mSELECT "schema_migrations"."version" FROM "schema_migrations"[0m
  [1m[35mSQL (0.2ms)[0m   SELECT name
 FROM sqlite_master
 WHERE type = 'table' AND NOT name = 'sqlite_sequence'
  [1m[36mSQL (0.1ms)[0m  [1mPRAGMA index_list("users")[0m
  [1m[35mSQL (0.1ms)[0m  PRAGMA index_info('index_users_on_email')
DEPRECATION WARNING: config.action_view.debug_rjs will be removed in 3.1, from 3.1 onwards you will need to install prototype-rails to continue to use RJS templates . (called from service at /home/mingot/.rvm/rubies/ruby-1.9.2-p290/lib/ruby/1.9.1/webrick/httpserver.rb:111)


Started GET "/" for 127.0.0.1 at 2011-09-14 17:50:05 +0200
  Processing by PagesController#home as HTML
Rendered layouts/_stylesheets.html.erb (1.2ms)
Rendered layouts/_header.html.erb (1.9ms)
Rendered layouts/_footer.html.erb (1.0ms)
Rendered pages/home.html.erb within layouts/application (12.9ms)
Completed 200 OK in 18ms (Views: 17.6ms | ActiveRecord: 0.0ms)


Started GET "/images/logo.png" for 127.0.0.1 at 2011-09-14 17:50:06 +0200

ActionController::RoutingError (No route matches "/images/logo.png"):
  

Rendered /home/mingot/.rvm/gems/ruby-1.9.2-p290@rails3tutorial/gems/actionpack-3.0.9/lib/action_dispatch/middleware/templates/rescues/routing_error.erb within rescues/layout (1.3ms)
  [1m[36mSQL (0.2ms)[0m  [1mSELECT 1 FROM "users" WHERE (LOWER("users"."email") = LOWER('jm.mingot@gmail.com')) LIMIT 1[0m
  [1m[35mSQL (0.1ms)[0m   SELECT name
 FROM sqlite_master
 WHERE type = 'table' AND NOT name = 'sqlite_sequence'
  [1m[36mAREL (0.4ms)[0m  [1mINSERT INTO "users" ("name", "email", "created_at", "updated_at") VALUES ('Josep Marc Mingot', 'jm.mingot@gmail.com', '2011-09-14 15:54:28.163580', '2011-09-14 15:54:28.163580')[0m


Started GET "/" for 127.0.0.1 at 2011-09-14 18:04:40 +0200
  Processing by PagesController#home as HTML
Rendered layouts/_stylesheets.html.erb (2.2ms)
Rendered layouts/_header.html.erb (1.9ms)
Rendered layouts/_footer.html.erb (1.3ms)
Rendered pages/home.html.erb within layouts/application (12.3ms)
Completed 200 OK in 18ms (Views: 17.0ms | ActiveRecord: 0.0ms)


Started GET "/images/logo.png" for 127.0.0.1 at 2011-09-14 18:04:40 +0200

ActionController::RoutingError (No route matches "/images/logo.png"):
  

Rendered /home/mingot/.rvm/gems/ruby-1.9.2-p290@rails3tutorial/gems/actionpack-3.0.9/lib/action_dispatch/middleware/templates/rescues/routing_error.erb within rescues/layout (3.9ms)


Started GET "/users" for 127.0.0.1 at 2011-09-14 18:04:44 +0200

AbstractController::ActionNotFound (The action 'index' could not be found for UsersController):
  

Rendered /home/mingot/.rvm/gems/ruby-1.9.2-p290@rails3tutorial/gems/actionpack-3.0.9/lib/action_dispatch/middleware/templates/rescues/unknown_action.erb within rescues/layout (2.0ms)


Started GET "/users/1" for 127.0.0.1 at 2011-09-14 18:04:52 +0200
  Processing by UsersController#show as HTML
  Parameters: {"id"=>"1"}
Completed 500 Internal Server Error in 48ms

ArgumentError (wrong number of arguments (1 for 0)):
  app/controllers/users_controller.rb:4:in `show'

Rendered /home/mingot/.rvm/gems/ruby-1.9.2-p290@rails3tutorial/gems/actionpack-3.0.9/lib/action_dispatch/middleware/templates/rescues/_trace.erb (2.4ms)
Rendered /home/mingot/.rvm/gems/ruby-1.9.2-p290@rails3tutorial/gems/actionpack-3.0.9/lib/action_dispatch/middleware/templates/rescues/_request_and_response.erb (4.0ms)
Rendered /home/mingot/.rvm/gems/ruby-1.9.2-p290@rails3tutorial/gems/actionpack-3.0.9/lib/action_dispatch/middleware/templates/rescues/diagnostics.erb within rescues/layout (15.0ms)


Started GET "/users/1" for 127.0.0.1 at 2011-09-14 18:07:58 +0200
  Processing by UsersController#show as HTML
  Parameters: {"id"=>"1"}
Completed 500 Internal Server Error in 13ms

ArgumentError (wrong number of arguments (1 for 0)):
  app/controllers/users_controller.rb:4:in `show'

Rendered /home/mingot/.rvm/gems/ruby-1.9.2-p290@rails3tutorial/gems/actionpack-3.0.9/lib/action_dispatch/middleware/templates/rescues/_trace.erb (1.5ms)
Rendered /home/mingot/.rvm/gems/ruby-1.9.2-p290@rails3tutorial/gems/actionpack-3.0.9/lib/action_dispatch/middleware/templates/rescues/_request_and_response.erb (4.6ms)
Rendered /home/mingot/.rvm/gems/ruby-1.9.2-p290@rails3tutorial/gems/actionpack-3.0.9/lib/action_dispatch/middleware/templates/rescues/diagnostics.erb within rescues/layout (11.3ms)
  [1m[36mSQL (0.7ms)[0m  [1m SELECT name
 FROM sqlite_master
 WHERE type = 'table' AND NOT name = 'sqlite_sequence'
[0m
  [1m[35mUser Load (0.2ms)[0m  SELECT "users".* FROM "users" WHERE "users"."id" = 1 LIMIT 1


Started GET "/users/1" for 127.0.0.1 at 2011-09-14 18:13:12 +0200
  Processing by UsersController#show as HTML
  Parameters: {"id"=>"1"}
  [1m[36mSQL (0.6ms)[0m  [1m SELECT name
 FROM sqlite_master
 WHERE type = 'table' AND NOT name = 'sqlite_sequence'
[0m
  [1m[35mUser Load (0.2ms)[0m  SELECT "users".* FROM "users" WHERE "users"."id" = 1 LIMIT 1
Rendered layouts/_stylesheets.html.erb (1.4ms)
Rendered layouts/_header.html.erb (1.6ms)
Rendered layouts/_footer.html.erb (1.4ms)
Rendered users/show.html.erb within layouts/application (49.6ms)
Completed 200 OK in 166ms (Views: 54.3ms | ActiveRecord: 0.9ms)


Started GET "/images/logo.png" for 127.0.0.1 at 2011-09-14 18:13:12 +0200

ActionController::RoutingError (No route matches "/images/logo.png"):
  

Rendered /home/mingot/.rvm/gems/ruby-1.9.2-p290@rails3tutorial/gems/actionpack-3.0.9/lib/action_dispatch/middleware/templates/rescues/routing_error.erb within rescues/layout (3.8ms)


Started GET "/users/new" for 127.0.0.1 at 2011-09-14 18:13:49 +0200
  Processing by UsersController#new as HTML
Rendered layouts/_stylesheets.html.erb (1.6ms)
Rendered layouts/_header.html.erb (1.8ms)
Rendered layouts/_footer.html.erb (1.1ms)
Rendered users/new.html.erb within layouts/application (10.5ms)
Completed 200 OK in 16ms (Views: 15.7ms | ActiveRecord: 0.0ms)


Started GET "/images/logo.png" for 127.0.0.1 at 2011-09-14 18:13:49 +0200

ActionController::RoutingError (No route matches "/images/logo.png"):
  

Rendered /home/mingot/.rvm/gems/ruby-1.9.2-p290@rails3tutorial/gems/actionpack-3.0.9/lib/action_dispatch/middleware/templates/rescues/routing_error.erb within rescues/layout (2.5ms)


Started GET "/users/1/edit" for 127.0.0.1 at 2011-09-14 18:14:03 +0200

AbstractController::ActionNotFound (The action 'edit' could not be found for UsersController):
  

Rendered /home/mingot/.rvm/gems/ruby-1.9.2-p290@rails3tutorial/gems/actionpack-3.0.9/lib/action_dispatch/middleware/templates/rescues/unknown_action.erb within rescues/layout (0.9ms)
  [1m[36mSQL (0.3ms)[0m  [1mSELECT 1 FROM "users" WHERE (LOWER("users"."email") = LOWER('miquel@pallars.com')) LIMIT 1[0m
  [1m[35mSQL (0.2ms)[0m   SELECT name
 FROM sqlite_master
 WHERE type = 'table' AND NOT name = 'sqlite_sequence'
  [1m[36mAREL (0.5ms)[0m  [1mINSERT INTO "users" ("name", "email", "created_at", "updated_at") VALUES ('Miquel Martí', 'miquel@pallars.com', '2011-09-14 16:15:05.191667', '2011-09-14 16:15:05.191667')[0m


Started GET "/users/1" for 127.0.0.1 at 2011-09-14 18:15:15 +0200
  Processing by UsersController#show as HTML
  Parameters: {"id"=>"1"}
  [1m[36mUser Load (0.3ms)[0m  [1mSELECT "users".* FROM "users" WHERE "users"."id" = 1 LIMIT 1[0m
Rendered layouts/_stylesheets.html.erb (1.4ms)
Rendered layouts/_header.html.erb (1.9ms)
Rendered layouts/_footer.html.erb (1.4ms)
Rendered users/show.html.erb within layouts/application (19.6ms)
Completed 200 OK in 42ms (Views: 24.4ms | ActiveRecord: 0.3ms)


Started GET "/images/logo.png" for 127.0.0.1 at 2011-09-14 18:15:15 +0200

ActionController::RoutingError (No route matches "/images/logo.png"):
  

Rendered /home/mingot/.rvm/gems/ruby-1.9.2-p290@rails3tutorial/gems/actionpack-3.0.9/lib/action_dispatch/middleware/templates/rescues/routing_error.erb within rescues/layout (2.1ms)


Started GET "/users/2" for 127.0.0.1 at 2011-09-14 18:15:18 +0200
  Processing by UsersController#show as HTML
  Parameters: {"id"=>"2"}
  [1m[35mUser Load (0.3ms)[0m  SELECT "users".* FROM "users" WHERE "users"."id" = 2 LIMIT 1
Rendered layouts/_stylesheets.html.erb (1.4ms)
Rendered layouts/_header.html.erb (1.9ms)
Rendered layouts/_footer.html.erb (1.0ms)
Rendered users/show.html.erb within layouts/application (19.1ms)
Completed 200 OK in 41ms (Views: 23.9ms | ActiveRecord: 0.3ms)


Started GET "/images/logo.png" for 127.0.0.1 at 2011-09-14 18:15:19 +0200

ActionController::RoutingError (No route matches "/images/logo.png"):
  

Rendered /home/mingot/.rvm/gems/ruby-1.9.2-p290@rails3tutorial/gems/actionpack-3.0.9/lib/action_dispatch/middleware/templates/rescues/routing_error.erb within rescues/layout (1.4ms)


Started GET "/show" for 127.0.0.1 at 2011-09-14 18:15:41 +0200

ActionController::RoutingError (No route matches "/show"):
  

Rendered /home/mingot/.rvm/gems/ruby-1.9.2-p290@rails3tutorial/gems/actionpack-3.0.9/lib/action_dispatch/middleware/templates/rescues/routing_error.erb within rescues/layout (1.2ms)
  [1m[36mSQL (0.4ms)[0m  [1mselect sqlite_version(*)[0m
  [1m[35mSQL (0.1ms)[0m   SELECT name
 FROM sqlite_master
 WHERE type = 'table' AND NOT name = 'sqlite_sequence'
  [1m[36mSQL (13.1ms)[0m  [1mCREATE TABLE "users" ("id" INTEGER PRIMARY KEY AUTOINCREMENT NOT NULL, "name" varchar(255), "email" varchar(255), "created_at" datetime, "updated_at" datetime) [0m
  [1m[35mSQL (0.1ms)[0m  PRAGMA index_list("users")
  [1m[36mSQL (3.3ms)[0m  [1mCREATE UNIQUE INDEX "index_users_on_email" ON "users" ("email")[0m
  [1m[35mSQL (0.3ms)[0m   SELECT name
 FROM sqlite_master
 WHERE type = 'table' AND NOT name = 'sqlite_sequence'
  [1m[36mSQL (4.9ms)[0m  [1mCREATE TABLE "schema_migrations" ("version" varchar(255) NOT NULL) [0m
  [1m[35mSQL (0.1ms)[0m  PRAGMA index_list("schema_migrations")
  [1m[36mSQL (10.8ms)[0m  [1mCREATE UNIQUE INDEX "unique_schema_migrations" ON "schema_migrations" ("version")[0m
  [1m[35mSQL (0.4ms)[0m   SELECT name
 FROM sqlite_master
 WHERE type = 'table' AND NOT name = 'sqlite_sequence'
  [1m[36mSQL (0.4ms)[0m  [1mSELECT version FROM "schema_migrations"[0m
  [1m[35mSQL (5.8ms)[0m  INSERT INTO "schema_migrations" (version) VALUES ('20110914154355')
  [1m[36mSQL (3.1ms)[0m  [1mINSERT INTO "schema_migrations" (version) VALUES ('20110914122555')[0m
  [1m[35mSQL (0.3ms)[0m   SELECT name
 FROM sqlite_master
 WHERE type = 'table' AND NOT name = 'sqlite_sequence'
  [1m[36mSQL (0.6ms)[0m  [1m SELECT name
 FROM sqlite_master
 WHERE type = 'table' AND NOT name = 'sqlite_sequence'
[0m
  [1m[35mSQL (0.9ms)[0m  SELECT "schema_migrations"."version" FROM "schema_migrations"
  [1m[36mSQL (0.7ms)[0m  [1m SELECT name
 FROM sqlite_master
 WHERE type = 'table' AND NOT name = 'sqlite_sequence'
[0m
  [1m[35mSQL (0.2ms)[0m   SELECT name
 FROM sqlite_master
 WHERE type = 'table' AND NOT name = 'sqlite_sequence'
  [1m[36mSQL (0.1ms)[0m  [1mSELECT "schema_migrations"."version" FROM "schema_migrations"[0m
Migrating to CreateUsers (20110914122555)
Migrating to AddEmailUniquenessIndex (20110914154355)
Migrating to AddPasswordToUsers (20110914163850)
  [1m[35mSQL (0.1ms)[0m  select sqlite_version(*)
  [1m[36mSQL (0.5ms)[0m  [1mALTER TABLE "users" ADD "encrypted_password" varchar(255)[0m
  [1m[35mSQL (0.1ms)[0m  INSERT INTO "schema_migrations" ("version") VALUES ('20110914163850')
  [1m[36mSQL (0.3ms)[0m  [1m SELECT name
 FROM sqlite_master
 WHERE type = 'table' AND NOT name = 'sqlite_sequence'
[0m
  [1m[35mSQL (0.2ms)[0m  SELECT "schema_migrations"."version" FROM "schema_migrations"
  [1m[36mSQL (0.2ms)[0m  [1m SELECT name
 FROM sqlite_master
 WHERE type = 'table' AND NOT name = 'sqlite_sequence'
[0m
  [1m[35mSQL (0.2ms)[0m  PRAGMA index_list("users")
  [1m[36mSQL (0.1ms)[0m  [1mPRAGMA index_info('index_users_on_email')[0m
  [1m[36mSQL (0.6ms)[0m  [1m SELECT name
 FROM sqlite_master
 WHERE type = 'table' AND NOT name = 'sqlite_sequence'
[0m
  [1m[35mSQL (0.2ms)[0m   SELECT name
 FROM sqlite_master
 WHERE type = 'table' AND NOT name = 'sqlite_sequence'
  [1m[36mSQL (0.2ms)[0m  [1mSELECT "schema_migrations"."version" FROM "schema_migrations"[0m
Migrating to CreateUsers (20110914122555)
Migrating to AddEmailUniquenessIndex (20110914154355)
Migrating to AddPasswordToUsers (20110914163850)
Migrating to AddSaltToUsers (20110914165354)
  [1m[35mSQL (0.1ms)[0m  select sqlite_version(*)
  [1m[36mSQL (0.6ms)[0m  [1mALTER TABLE "users" ADD "salt" varchar(255)[0m
  [1m[35mSQL (0.2ms)[0m  INSERT INTO "schema_migrations" ("version") VALUES ('20110914165354')
  [1m[36mSQL (0.2ms)[0m  [1m SELECT name
 FROM sqlite_master
 WHERE type = 'table' AND NOT name = 'sqlite_sequence'
[0m
  [1m[35mSQL (0.2ms)[0m  SELECT "schema_migrations"."version" FROM "schema_migrations"
  [1m[36mSQL (0.1ms)[0m  [1m SELECT name
 FROM sqlite_master
 WHERE type = 'table' AND NOT name = 'sqlite_sequence'
[0m
  [1m[35mSQL (0.1ms)[0m  PRAGMA index_list("users")
  [1m[36mSQL (0.1ms)[0m  [1mPRAGMA index_info('index_users_on_email')[0m


Started GET "/" for 127.0.0.1 at 2011-09-14 20:41:53 +0200
  Processing by PagesController#home as HTML
Rendered layouts/_stylesheets.html.erb (1.7ms)
Rendered layouts/_header.html.erb (1.7ms)
Rendered layouts/_footer.html.erb (1.2ms)
Rendered pages/home.html.erb within layouts/application (11.8ms)
Completed 200 OK in 18ms (Views: 17.4ms | ActiveRecord: 0.0ms)


Started GET "/images/logo.png" for 127.0.0.1 at 2011-09-14 20:41:53 +0200

ActionController::RoutingError (No route matches "/images/logo.png"):
  

Rendered /home/mingot/.rvm/gems/ruby-1.9.2-p290@rails3tutorial/gems/actionpack-3.0.9/lib/action_dispatch/middleware/templates/rescues/routing_error.erb within rescues/layout (1.5ms)
DEPRECATION WARNING: config.action_view.debug_rjs will be removed in 3.1, from 3.1 onwards you will need to install prototype-rails to continue to use RJS templates . (called from <top (required)> at /home/mingot/Projectes/rails/alumni/config/environment.rb:5)


Started GET "/users/1" for 127.0.0.1 at 2011-09-14 20:45:04 +0200
  Processing by UsersController#show as HTML
  Parameters: {"id"=>"1"}
Completed 500 Internal Server Error in 8ms

SyntaxError (/home/mingot/Projectes/rails/alumni/app/models/user.rb:56: syntax error, unexpected keyword_end, expecting $end):
  app/controllers/users_controller.rb:4:in `show'

Rendered /home/mingot/.rvm/gems/ruby-1.9.2-p290@rails3tutorial/gems/actionpack-3.0.9/lib/action_dispatch/middleware/templates/rescues/_trace.erb (1.6ms)
Rendered /home/mingot/.rvm/gems/ruby-1.9.2-p290@rails3tutorial/gems/actionpack-3.0.9/lib/action_dispatch/middleware/templates/rescues/_request_and_response.erb (4.4ms)
Rendered /home/mingot/.rvm/gems/ruby-1.9.2-p290@rails3tutorial/gems/actionpack-3.0.9/lib/action_dispatch/middleware/templates/rescues/diagnostics.erb within rescues/layout (11.4ms)
DEPRECATION WARNING: config.action_view.debug_rjs will be removed in 3.1, from 3.1 onwards you will need to install prototype-rails to continue to use RJS templates . (called from <top (required)> at /home/mingot/Projectes/rails/alumni/config/environment.rb:5)
DEPRECATION WARNING: config.action_view.debug_rjs will be removed in 3.1, from 3.1 onwards you will need to install prototype-rails to continue to use RJS templates . (called from <top (required)> at /home/mingot/Projectes/rails/alumni/config/environment.rb:5)
  [1m[36mSQL (0.4ms)[0m  [1mselect sqlite_version(*)[0m
  [1m[35mSQL (0.1ms)[0m   SELECT name
 FROM sqlite_master
 WHERE type = 'table' AND NOT name = 'sqlite_sequence'
  [1m[36mSQL (9.1ms)[0m  [1mCREATE TABLE "users" ("id" INTEGER PRIMARY KEY AUTOINCREMENT NOT NULL, "name" varchar(255), "email" varchar(255), "created_at" datetime, "updated_at" datetime, "encrypted_password" varchar(255), "salt" varchar(255)) [0m
  [1m[35mSQL (0.1ms)[0m  PRAGMA index_list("users")
  [1m[36mSQL (2.9ms)[0m  [1mCREATE UNIQUE INDEX "index_users_on_email" ON "users" ("email")[0m
  [1m[35mSQL (0.2ms)[0m   SELECT name
 FROM sqlite_master
 WHERE type = 'table' AND NOT name = 'sqlite_sequence'
  [1m[36mSQL (5.4ms)[0m  [1mCREATE TABLE "schema_migrations" ("version" varchar(255) NOT NULL) [0m
  [1m[35mSQL (0.1ms)[0m  PRAGMA index_list("schema_migrations")
  [1m[36mSQL (3.8ms)[0m  [1mCREATE UNIQUE INDEX "unique_schema_migrations" ON "schema_migrations" ("version")[0m
  [1m[35mSQL (0.4ms)[0m   SELECT name
 FROM sqlite_master
 WHERE type = 'table' AND NOT name = 'sqlite_sequence'
  [1m[36mSQL (0.2ms)[0m  [1mSELECT version FROM "schema_migrations"[0m
  [1m[35mSQL (14.1ms)[0m  INSERT INTO "schema_migrations" (version) VALUES ('20110914165354')
  [1m[36mSQL (3.4ms)[0m  [1mINSERT INTO "schema_migrations" (version) VALUES ('20110914154355')[0m
  [1m[35mSQL (5.0ms)[0m  INSERT INTO "schema_migrations" (version) VALUES ('20110914163850')
  [1m[36mSQL (3.1ms)[0m  [1mINSERT INTO "schema_migrations" (version) VALUES ('20110914122555')[0m
  [1m[35mSQL (0.3ms)[0m   SELECT name
 FROM sqlite_master
 WHERE type = 'table' AND NOT name = 'sqlite_sequence'
  [1m[36mSQL (0.2ms)[0m  [1m SELECT name
 FROM sqlite_master
 WHERE type = 'table' AND NOT name = 'sqlite_sequence'
[0m
  [1m[35mSQL (0.3ms)[0m  SELECT "schema_migrations"."version" FROM "schema_migrations"
DEPRECATION WARNING: config.action_view.debug_rjs will be removed in 3.1, from 3.1 onwards you will need to install prototype-rails to continue to use RJS templates . (called from <top (required)> at /home/mingot/Projectes/rails/alumni/config/environment.rb:5)
  [1m[36mSQL (0.2ms)[0m  [1mSELECT 1 FROM "users" WHERE (LOWER("users"."email") = LOWER('ramon@gmail.com')) LIMIT 1[0m
  [1m[35mSQL (0.3ms)[0m   SELECT name
 FROM sqlite_master
 WHERE type = 'table' AND NOT name = 'sqlite_sequence'
  [1m[36mAREL (0.4ms)[0m  [1mINSERT INTO "users" ("name", "email", "created_at", "updated_at", "encrypted_password", "salt") VALUES ('Juanito', 'ramon@gmail.com', '2011-09-14 18:57:42.668811', '2011-09-14 18:57:42.668811', '7e5ce08bac763dd91d583c63c0f6599d98c0301e393895274d8f96e4bf6027d9', '7cf8def03259b26ee9642a92727d0827dfe42d99deab7c7b7d09543ea36fbc5c')[0m


Started GET "/users/1" for 127.0.0.1 at 2011-09-14 20:57:50 +0200
  Processing by UsersController#show as HTML
  Parameters: {"id"=>"1"}
  [1m[36mSQL (0.7ms)[0m  [1m SELECT name
 FROM sqlite_master
 WHERE type = 'table' AND NOT name = 'sqlite_sequence'
[0m
  [1m[35mUser Load (0.2ms)[0m  SELECT "users".* FROM "users" WHERE "users"."id" = 1 LIMIT 1
Completed 404 Not Found in 116ms

ActiveRecord::RecordNotFound (Couldn't find User with ID=1):
  app/controllers/users_controller.rb:4:in `show'

Rendered /home/mingot/.rvm/gems/ruby-1.9.2-p290@rails3tutorial/gems/actionpack-3.0.9/lib/action_dispatch/middleware/templates/rescues/_trace.erb (8.1ms)
Rendered /home/mingot/.rvm/gems/ruby-1.9.2-p290@rails3tutorial/gems/actionpack-3.0.9/lib/action_dispatch/middleware/templates/rescues/_request_and_response.erb (7.0ms)
Rendered /home/mingot/.rvm/gems/ruby-1.9.2-p290@rails3tutorial/gems/actionpack-3.0.9/lib/action_dispatch/middleware/templates/rescues/diagnostics.erb within rescues/layout (21.1ms)
  [1m[35mUser Load (0.5ms)[0m  SELECT "users".* FROM "users" WHERE "users"."id" = 1 LIMIT 1


Started GET "/users/1" for 127.0.0.1 at 2011-09-14 21:09:38 +0200
  Processing by UsersController#show as HTML
  Parameters: {"id"=>"1"}
  [1m[36mUser Load (0.3ms)[0m  [1mSELECT "users".* FROM "users" WHERE "users"."id" = 1 LIMIT 1[0m
Rendered layouts/_stylesheets.html.erb (1.6ms)
Rendered layouts/_header.html.erb (1.8ms)
Rendered layouts/_footer.html.erb (1.2ms)
Rendered users/show.html.erb within layouts/application (61.5ms)
Completed 200 OK in 89ms (Views: 67.0ms | ActiveRecord: 0.3ms)


Started GET "/images/logo.png" for 127.0.0.1 at 2011-09-14 21:09:38 +0200

ActionController::RoutingError (No route matches "/images/logo.png"):
  

Rendered /home/mingot/.rvm/gems/ruby-1.9.2-p290@rails3tutorial/gems/actionpack-3.0.9/lib/action_dispatch/middleware/templates/rescues/routing_error.erb within rescues/layout (1.7ms)


Started GET "/users/1" for 127.0.0.1 at 2011-09-14 21:15:41 +0200
  Processing by UsersController#show as HTML
  Parameters: {"id"=>"1"}
  [1m[35mUser Load (0.3ms)[0m  SELECT "users".* FROM "users" WHERE "users"."id" = 1 LIMIT 1
Rendered users/show.html.erb within layouts/application (81.3ms)
Completed 500 Internal Server Error in 111ms

ActionView::Template::Error (undefined local variable or method `user' for #<#<Class:0x00000003f14f48>:0x00000003ed64f0>):
    1: <h1>
    2: <%= gravatar_for @user, :size=>30 %>
    3: <%= @user.name %>
    4: <h1>
  app/helpers/users_helper.rb:3:in `gravatar_for'
  app/views/users/show.html.erb:2:in `_app_views_users_show_html_erb__1661940719476150906_32859160__1960136926266036866'

Rendered /home/mingot/.rvm/gems/ruby-1.9.2-p290@rails3tutorial/gems/actionpack-3.0.9/lib/action_dispatch/middleware/templates/rescues/_trace.erb (1.7ms)
Rendered /home/mingot/.rvm/gems/ruby-1.9.2-p290@rails3tutorial/gems/actionpack-3.0.9/lib/action_dispatch/middleware/templates/rescues/_request_and_response.erb (4.3ms)
Rendered /home/mingot/.rvm/gems/ruby-1.9.2-p290@rails3tutorial/gems/actionpack-3.0.9/lib/action_dispatch/middleware/templates/rescues/template_error.erb within rescues/layout (11.4ms)


Started GET "/users/1" for 127.0.0.1 at 2011-09-14 21:16:05 +0200
  Processing by UsersController#show as HTML
  Parameters: {"id"=>"1"}
  [1m[36mUser Load (0.3ms)[0m  [1mSELECT "users".* FROM "users" WHERE "users"."id" = 1 LIMIT 1[0m
Rendered users/show.html.erb within layouts/application (22.8ms)
Completed 500 Internal Server Error in 61ms

ActionView::Template::Error (undefined local variable or method `user' for #<#<Class:0x000000038000b8>:0x00000003795588>):
    1: <h1>
    2: <%= gravatar_for @user %>
    3: <%= @user.name %>
    4: <h1>
  app/helpers/users_helper.rb:3:in `gravatar_for'
  app/views/users/show.html.erb:2:in `_app_views_users_show_html_erb__1661940719476150906_28925800__1960136926266036866'

Rendered /home/mingot/.rvm/gems/ruby-1.9.2-p290@rails3tutorial/gems/actionpack-3.0.9/lib/action_dispatch/middleware/templates/rescues/_trace.erb (1.7ms)
Rendered /home/mingot/.rvm/gems/ruby-1.9.2-p290@rails3tutorial/gems/actionpack-3.0.9/lib/action_dispatch/middleware/templates/rescues/_request_and_response.erb (4.8ms)
Rendered /home/mingot/.rvm/gems/ruby-1.9.2-p290@rails3tutorial/gems/actionpack-3.0.9/lib/action_dispatch/middleware/templates/rescues/template_error.erb within rescues/layout (12.4ms)


Started GET "/users/1" for 127.0.0.1 at 2011-09-14 21:17:09 +0200
  Processing by UsersController#show as HTML
  Parameters: {"id"=>"1"}
  [1m[35mUser Load (0.3ms)[0m  SELECT "users".* FROM "users" WHERE "users"."id" = 1 LIMIT 1
Rendered layouts/_stylesheets.html.erb (1.5ms)
Rendered layouts/_header.html.erb (1.6ms)
Rendered layouts/_footer.html.erb (1.0ms)
Rendered users/show.html.erb within layouts/application (21.6ms)
Completed 200 OK in 58ms (Views: 27.0ms | ActiveRecord: 0.3ms)


Started GET "/images/logo.png" for 127.0.0.1 at 2011-09-14 21:17:09 +0200

ActionController::RoutingError (No route matches "/images/logo.png"):
  

Rendered /home/mingot/.rvm/gems/ruby-1.9.2-p290@rails3tutorial/gems/actionpack-3.0.9/lib/action_dispatch/middleware/templates/rescues/routing_error.erb within rescues/layout (3.9ms)


Started GET "/users/1" for 127.0.0.1 at 2011-09-14 21:17:39 +0200
  Processing by UsersController#show as HTML
  Parameters: {"id"=>"1"}
  [1m[36mUser Load (0.3ms)[0m  [1mSELECT "users".* FROM "users" WHERE "users"."id" = 1 LIMIT 1[0m
Rendered layouts/_stylesheets.html.erb (1.3ms)
Rendered layouts/_header.html.erb (1.4ms)
Rendered layouts/_footer.html.erb (0.9ms)
Rendered users/show.html.erb within layouts/application (22.2ms)
Completed 200 OK in 85ms (Views: 27.0ms | ActiveRecord: 0.3ms)


Started GET "/images/logo.png" for 127.0.0.1 at 2011-09-14 21:17:39 +0200

ActionController::RoutingError (No route matches "/images/logo.png"):
  

Rendered /home/mingot/.rvm/gems/ruby-1.9.2-p290@rails3tutorial/gems/actionpack-3.0.9/lib/action_dispatch/middleware/templates/rescues/routing_error.erb within rescues/layout (3.5ms)
DEPRECATION WARNING: config.action_view.debug_rjs will be removed in 3.1, from 3.1 onwards you will need to install prototype-rails to continue to use RJS templates . (called from <top (required)> at /home/mingot/Projectes/rails/alumni/config/environment.rb:5)


Started GET "/" for 127.0.0.1 at 2011-09-15 18:58:01 +0200
  Processing by PagesController#home as HTML
Rendered layouts/_stylesheets.html.erb (15.0ms)
Rendered layouts/_header.html.erb (4.6ms)
Rendered layouts/_footer.html.erb (2.2ms)
Rendered pages/home.html.erb within layouts/application (85.0ms)
Completed 200 OK in 142ms (Views: 141.1ms | ActiveRecord: 0.0ms)


Started GET "/images/logo.png" for 127.0.0.1 at 2011-09-15 18:58:03 +0200

ActionController::RoutingError (No route matches "/images/logo.png"):
  

Rendered /home/mingot/.rvm/gems/ruby-1.9.2-p290@rails3tutorial/gems/actionpack-3.0.9/lib/action_dispatch/middleware/templates/rescues/routing_error.erb within rescues/layout (2.5ms)
DEPRECATION WARNING: config.action_view.debug_rjs will be removed in 3.1, from 3.1 onwards you will need to install prototype-rails to continue to use RJS templates . (called from <top (required)> at /home/mingot/Projectes/rails/alumni/config/environment.rb:5)


Started GET "/" for 127.0.0.1 at 2011-09-18 16:04:50 +0200
  Processing by PagesController#home as HTML
Rendered layouts/_stylesheets.html.erb (3.2ms)
Rendered layouts/_header.html.erb (16.0ms)
Rendered layouts/_footer.html.erb (2.3ms)
Rendered pages/home.html.erb within layouts/application (84.9ms)
Completed 200 OK in 132ms (Views: 131.7ms | ActiveRecord: 0.0ms)


Started GET "/images/logo.png" for 127.0.0.1 at 2011-09-18 16:04:51 +0200

ActionController::RoutingError (No route matches "/images/logo.png"):
  

Rendered /home/mingot/.rvm/gems/ruby-1.9.2-p290@rails3tutorial/gems/actionpack-3.0.9/lib/action_dispatch/middleware/templates/rescues/routing_error.erb within rescues/layout (6.4ms)


Started GET "/users/1" for 127.0.0.1 at 2011-09-18 16:12:58 +0200
  Processing by UsersController#show as HTML
  Parameters: {"id"=>"1"}
  [1m[36mSQL (0.7ms)[0m  [1m SELECT name
 FROM sqlite_master
 WHERE type = 'table' AND NOT name = 'sqlite_sequence'
[0m
  [1m[35mUser Load (0.3ms)[0m  SELECT "users".* FROM "users" WHERE "users"."id" = 1 LIMIT 1
Rendered layouts/_stylesheets.html.erb (1.5ms)
Rendered layouts/_header.html.erb (1.5ms)
Rendered layouts/_footer.html.erb (1.0ms)
Rendered users/show.html.erb within layouts/application (30.0ms)
Completed 200 OK in 186ms (Views: 47.3ms | ActiveRecord: 1.0ms)


Started GET "/images/logo.png" for 127.0.0.1 at 2011-09-18 16:12:59 +0200

ActionController::RoutingError (No route matches "/images/logo.png"):
  

Rendered /home/mingot/.rvm/gems/ruby-1.9.2-p290@rails3tutorial/gems/actionpack-3.0.9/lib/action_dispatch/middleware/templates/rescues/routing_error.erb within rescues/layout (1.6ms)


Started GET "/users/1" for 127.0.0.1 at 2011-09-18 16:19:41 +0200
  Processing by UsersController#show as HTML
  Parameters: {"id"=>"1"}
  [1m[36mUser Load (0.3ms)[0m  [1mSELECT "users".* FROM "users" WHERE "users"."id" = 1 LIMIT 1[0m
Rendered layouts/_stylesheets.html.erb (1.6ms)
Rendered layouts/_header.html.erb (1.5ms)
Rendered layouts/_footer.html.erb (0.9ms)
Rendered users/show.html.erb within layouts/application (23.7ms)
Completed 200 OK in 81ms (Views: 28.9ms | ActiveRecord: 0.3ms)


Started GET "/images/logo.png" for 127.0.0.1 at 2011-09-18 16:19:41 +0200

ActionController::RoutingError (No route matches "/images/logo.png"):
  

Rendered /home/mingot/.rvm/gems/ruby-1.9.2-p290@rails3tutorial/gems/actionpack-3.0.9/lib/action_dispatch/middleware/templates/rescues/routing_error.erb within rescues/layout (2.7ms)


Started GET "/users/1" for 127.0.0.1 at 2011-09-18 16:19:43 +0200
  Processing by UsersController#show as HTML
  Parameters: {"id"=>"1"}
  [1m[35mUser Load (0.3ms)[0m  SELECT "users".* FROM "users" WHERE "users"."id" = 1 LIMIT 1
Rendered layouts/_stylesheets.html.erb (1.5ms)
Rendered layouts/_header.html.erb (1.5ms)
Rendered layouts/_footer.html.erb (0.9ms)
Rendered users/show.html.erb within layouts/application (55.1ms)
Completed 200 OK in 81ms (Views: 59.8ms | ActiveRecord: 0.3ms)


Started GET "/images/logo.png" for 127.0.0.1 at 2011-09-18 16:19:43 +0200

ActionController::RoutingError (No route matches "/images/logo.png"):
  

Rendered /home/mingot/.rvm/gems/ruby-1.9.2-p290@rails3tutorial/gems/actionpack-3.0.9/lib/action_dispatch/middleware/templates/rescues/routing_error.erb within rescues/layout (1.5ms)


Started GET "/users/1" for 127.0.0.1 at 2011-09-18 16:19:45 +0200
  Processing by UsersController#show as HTML
  Parameters: {"id"=>"1"}
  [1m[36mUser Load (0.2ms)[0m  [1mSELECT "users".* FROM "users" WHERE "users"."id" = 1 LIMIT 1[0m
Rendered layouts/_stylesheets.html.erb (1.4ms)
Rendered layouts/_header.html.erb (1.6ms)
Rendered layouts/_footer.html.erb (1.0ms)
Rendered users/show.html.erb within layouts/application (22.3ms)
Completed 200 OK in 47ms (Views: 27.1ms | ActiveRecord: 0.2ms)


Started GET "/images/logo.png" for 127.0.0.1 at 2011-09-18 16:19:45 +0200

ActionController::RoutingError (No route matches "/images/logo.png"):
  

Rendered /home/mingot/.rvm/gems/ruby-1.9.2-p290@rails3tutorial/gems/actionpack-3.0.9/lib/action_dispatch/middleware/templates/rescues/routing_error.erb within rescues/layout (3.6ms)
DEPRECATION WARNING: config.action_view.debug_rjs will be removed in 3.1, from 3.1 onwards you will need to install prototype-rails to continue to use RJS templates . (called from <top (required)> at /home/mingot/Projectes/rails/alumni/config/environment.rb:5)
  [1m[36mSQL (0.5ms)[0m  [1mselect sqlite_version(*)[0m
  [1m[35mSQL (0.1ms)[0m   SELECT name
 FROM sqlite_master
 WHERE type = 'table' AND NOT name = 'sqlite_sequence'
  [1m[36mSQL (6.0ms)[0m  [1mCREATE TABLE "users" ("id" INTEGER PRIMARY KEY AUTOINCREMENT NOT NULL, "name" varchar(255), "email" varchar(255), "created_at" datetime, "updated_at" datetime, "encrypted_password" varchar(255), "salt" varchar(255)) [0m
  [1m[35mSQL (0.1ms)[0m  PRAGMA index_list("users")
  [1m[36mSQL (2.9ms)[0m  [1mCREATE UNIQUE INDEX "index_users_on_email" ON "users" ("email")[0m
  [1m[35mSQL (0.4ms)[0m   SELECT name
 FROM sqlite_master
 WHERE type = 'table' AND NOT name = 'sqlite_sequence'
  [1m[36mSQL (4.4ms)[0m  [1mCREATE TABLE "schema_migrations" ("version" varchar(255) NOT NULL) [0m
  [1m[35mSQL (0.1ms)[0m  PRAGMA index_list("schema_migrations")
  [1m[36mSQL (2.8ms)[0m  [1mCREATE UNIQUE INDEX "unique_schema_migrations" ON "schema_migrations" ("version")[0m
  [1m[35mSQL (0.2ms)[0m   SELECT name
 FROM sqlite_master
 WHERE type = 'table' AND NOT name = 'sqlite_sequence'
  [1m[36mSQL (0.1ms)[0m  [1mSELECT version FROM "schema_migrations"[0m
  [1m[35mSQL (3.2ms)[0m  INSERT INTO "schema_migrations" (version) VALUES ('20110914165354')
  [1m[36mSQL (3.4ms)[0m  [1mINSERT INTO "schema_migrations" (version) VALUES ('20110914154355')[0m
  [1m[35mSQL (3.7ms)[0m  INSERT INTO "schema_migrations" (version) VALUES ('20110914163850')
  [1m[36mSQL (3.2ms)[0m  [1mINSERT INTO "schema_migrations" (version) VALUES ('20110914122555')[0m
  [1m[35mSQL (0.5ms)[0m   SELECT name
 FROM sqlite_master
 WHERE type = 'table' AND NOT name = 'sqlite_sequence'
  [1m[36mSQL (0.2ms)[0m  [1m SELECT name
 FROM sqlite_master
 WHERE type = 'table' AND NOT name = 'sqlite_sequence'
[0m
  [1m[35mSQL (0.3ms)[0m  SELECT "schema_migrations"."version" FROM "schema_migrations"
DEPRECATION WARNING: config.action_view.debug_rjs will be removed in 3.1, from 3.1 onwards you will need to install prototype-rails to continue to use RJS templates . (called from <top (required)> at /home/mingot/Projectes/rails/alumni/config/environment.rb:5)


Started GET "/" for 127.0.0.1 at 2011-09-19 14:41:59 +0200
  Processing by PagesController#home as HTML
Rendered layouts/_stylesheets.html.erb (3.0ms)
Rendered layouts/_header.html.erb (3.1ms)
Rendered layouts/_footer.html.erb (2.0ms)
Rendered pages/home.html.erb within layouts/application (59.4ms)
Completed 200 OK in 66ms (Views: 65.2ms | ActiveRecord: 0.0ms)


Started GET "/images/logo.png" for 127.0.0.1 at 2011-09-19 14:42:01 +0200

ActionController::RoutingError (No route matches "/images/logo.png"):
  

Rendered /home/mingot/.rvm/gems/ruby-1.9.2-p290@rails3tutorial/gems/actionpack-3.0.9/lib/action_dispatch/middleware/templates/rescues/routing_error.erb within rescues/layout (2.2ms)


Started GET "/signup" for 127.0.0.1 at 2011-09-19 14:42:05 +0200
  Processing by UsersController#new as HTML
Rendered shared/_error_messages.html.erb (0.8ms)
Rendered layouts/_stylesheets.html.erb (1.4ms)
Rendered layouts/_header.html.erb (1.7ms)
Rendered layouts/_footer.html.erb (1.0ms)
Rendered users/new.html.erb within layouts/application (176.8ms)
Completed 200 OK in 234ms (Views: 181.7ms | ActiveRecord: 0.0ms)


Started GET "/images/logo.png" for 127.0.0.1 at 2011-09-19 14:42:05 +0200

ActionController::RoutingError (No route matches "/images/logo.png"):
  

Rendered /home/mingot/.rvm/gems/ruby-1.9.2-p290@rails3tutorial/gems/actionpack-3.0.9/lib/action_dispatch/middleware/templates/rescues/routing_error.erb within rescues/layout (2.4ms)


Started POST "/users" for 127.0.0.1 at 2011-09-19 14:42:15 +0200
  Processing by UsersController#create as HTML
  Parameters: {"utf8"=>"✓", "authenticity_token"=>"mzAQbaKhljxzHAZLoFpktISOz/qzYNbd8YrYWXcQS4g=", "user"=>{"name"=>"ramonet", "email"=>"jm.mingot@gmail.com", "password"=>"[FILTERED]", "password_confirmation"=>"[FILTERED]"}, "commit"=>"Sign up"}
  [1m[36mSQL (0.3ms)[0m  [1mSELECT 1 FROM "users" WHERE (LOWER("users"."email") = LOWER('jm.mingot@gmail.com')) LIMIT 1[0m
  [1m[35mSQL (0.2ms)[0m   SELECT name
 FROM sqlite_master
 WHERE type = 'table' AND NOT name = 'sqlite_sequence'
  [1m[36mAREL (0.8ms)[0m  [1mINSERT INTO "users" ("name", "email", "created_at", "updated_at", "encrypted_password", "salt") VALUES ('ramonet', 'jm.mingot@gmail.com', '2011-09-19 12:42:15.732442', '2011-09-19 12:42:15.732442', 'db6787c83e2ecb5cc5a15bde4103e6f8146660ec3e41135ca89c540035414353', '785d49f3725b2c86bfc990df818636b15a1d509ddbafcd3a0c5a4c06c5994fb7')[0m
Redirected to http://localhost:3000/users/2
Completed 302 Found in 287ms


Started GET "/users/2" for 127.0.0.1 at 2011-09-19 14:42:15 +0200
  Processing by UsersController#show as HTML
  Parameters: {"id"=>"2"}
  [1m[35mUser Load (0.3ms)[0m  SELECT "users".* FROM "users" WHERE "users"."id" = 2 LIMIT 1
Rendered layouts/_stylesheets.html.erb (1.3ms)
Rendered layouts/_header.html.erb (1.6ms)
Rendered layouts/_footer.html.erb (0.9ms)
Rendered users/show.html.erb within layouts/application (25.0ms)
Completed 200 OK in 110ms (Views: 54.4ms | ActiveRecord: 1.6ms)


Started GET "/images/logo.png" for 127.0.0.1 at 2011-09-19 14:42:16 +0200

ActionController::RoutingError (No route matches "/images/logo.png"):
  

Rendered /home/mingot/.rvm/gems/ruby-1.9.2-p290@rails3tutorial/gems/actionpack-3.0.9/lib/action_dispatch/middleware/templates/rescues/routing_error.erb within rescues/layout (2.0ms)
DEPRECATION WARNING: config.action_view.debug_rjs will be removed in 3.1, from 3.1 onwards you will need to install prototype-rails to continue to use RJS templates . (called from <top (required)> at /home/mingot/Projectes/rails/alumni/config/environment.rb:5)


Started GET "/signin" for 127.0.0.1 at 2011-09-19 15:38:49 +0200

SyntaxError (/home/mingot/Projectes/rails/alumni/config/routes.rb:3: syntax error, unexpected ',', expecting ')'
  resources :sessions,:only=>(:new,:create,:destroy)
                                   ^):
  

Rendered /home/mingot/.rvm/gems/ruby-1.9.2-p290@rails3tutorial/gems/actionpack-3.0.9/lib/action_dispatch/middleware/templates/rescues/_trace.erb (3.4ms)
Rendered /home/mingot/.rvm/gems/ruby-1.9.2-p290@rails3tutorial/gems/actionpack-3.0.9/lib/action_dispatch/middleware/templates/rescues/_request_and_response.erb (5.1ms)
Rendered /home/mingot/.rvm/gems/ruby-1.9.2-p290@rails3tutorial/gems/actionpack-3.0.9/lib/action_dispatch/middleware/templates/rescues/diagnostics.erb within rescues/layout (19.8ms)


Started GET "/signin" for 127.0.0.1 at 2011-09-19 15:41:26 +0200
  Processing by SessionsController#new as HTML
Rendered layouts/_stylesheets.html.erb (1.7ms)
Rendered layouts/_header.html.erb (1.8ms)
Rendered layouts/_footer.html.erb (1.3ms)
Rendered sessions/new.html.erb within layouts/application (13.1ms)
Completed 200 OK in 19ms (Views: 18.0ms | ActiveRecord: 0.0ms)


Started GET "/images/logo.png" for 127.0.0.1 at 2011-09-19 15:41:26 +0200

ActionController::RoutingError (No route matches "/images/logo.png"):
  

Rendered /home/mingot/.rvm/gems/ruby-1.9.2-p290@rails3tutorial/gems/actionpack-3.0.9/lib/action_dispatch/middleware/templates/rescues/routing_error.erb within rescues/layout (3.3ms)


Started POST "/sessions" for 127.0.0.1 at 2011-09-19 15:46:20 +0200
  Processing by SessionsController#create as HTML
  Parameters: {"utf8"=>"✓", "authenticity_token"=>"mzAQbaKhljxzHAZLoFpktISOz/qzYNbd8YrYWXcQS4g=", "session"=>{"email"=>"ramon@gmail.com", "password"=>"[FILTERED]"}, "commit"=>"Sign in"}
Rendered layouts/_stylesheets.html.erb (1.3ms)
Rendered layouts/_header.html.erb (1.6ms)
Rendered layouts/_footer.html.erb (1.0ms)
Rendered sessions/new.html.erb within layouts/application (12.6ms)
Completed 200 OK in 18ms (Views: 17.1ms | ActiveRecord: 0.0ms)


Started GET "/images/logo.png" for 127.0.0.1 at 2011-09-19 15:46:20 +0200

ActionController::RoutingError (No route matches "/images/logo.png"):
  

Rendered /home/mingot/.rvm/gems/ruby-1.9.2-p290@rails3tutorial/gems/actionpack-3.0.9/lib/action_dispatch/middleware/templates/rescues/routing_error.erb within rescues/layout (1.5ms)


Started POST "/sessions" for 127.0.0.1 at 2011-09-19 16:06:26 +0200
  Processing by SessionsController#create as HTML
  Parameters: {"utf8"=>"✓", "authenticity_token"=>"mzAQbaKhljxzHAZLoFpktISOz/qzYNbd8YrYWXcQS4g=", "session"=>{"email"=>"ramon@gmail.com", "password"=>"[FILTERED]"}, "commit"=>"Sign in"}
  [1m[36mUser Load (0.3ms)[0m  [1mSELECT "users".* FROM "users" WHERE "users"."email" = 'ramon@gmail.com' LIMIT 1[0m
Completed 500 Internal Server Error in 135ms

NameError (undefined local variable or method `falsh' for #<SessionsController:0x000000027476e0>):
  app/controllers/sessions_controller.rb:10:in `create'

Rendered /home/mingot/.rvm/gems/ruby-1.9.2-p290@rails3tutorial/gems/actionpack-3.0.9/lib/action_dispatch/middleware/templates/rescues/_trace.erb (1.7ms)
Rendered /home/mingot/.rvm/gems/ruby-1.9.2-p290@rails3tutorial/gems/actionpack-3.0.9/lib/action_dispatch/middleware/templates/rescues/_request_and_response.erb (5.3ms)
Rendered /home/mingot/.rvm/gems/ruby-1.9.2-p290@rails3tutorial/gems/actionpack-3.0.9/lib/action_dispatch/middleware/templates/rescues/diagnostics.erb within rescues/layout (12.3ms)


Started GET "/sessions" for 127.0.0.1 at 2011-09-19 16:06:49 +0200

ActionController::RoutingError (No route matches "/sessions"):
  

Rendered /home/mingot/.rvm/gems/ruby-1.9.2-p290@rails3tutorial/gems/actionpack-3.0.9/lib/action_dispatch/middleware/templates/rescues/routing_error.erb within rescues/layout (1.4ms)


Started GET "/sessions" for 127.0.0.1 at 2011-09-19 16:06:51 +0200

ActionController::RoutingError (No route matches "/sessions"):
  

Rendered /home/mingot/.rvm/gems/ruby-1.9.2-p290@rails3tutorial/gems/actionpack-3.0.9/lib/action_dispatch/middleware/templates/rescues/routing_error.erb within rescues/layout (4.3ms)


Started GET "/" for 127.0.0.1 at 2011-09-19 16:06:55 +0200
  Processing by PagesController#home as HTML
Rendered layouts/_stylesheets.html.erb (1.3ms)
Rendered layouts/_header.html.erb (1.7ms)
Rendered layouts/_footer.html.erb (1.2ms)
Rendered pages/home.html.erb within layouts/application (10.8ms)
Completed 200 OK in 17ms (Views: 16.1ms | ActiveRecord: 0.3ms)


Started GET "/images/logo.png" for 127.0.0.1 at 2011-09-19 16:06:55 +0200

ActionController::RoutingError (No route matches "/images/logo.png"):
  

Rendered /home/mingot/.rvm/gems/ruby-1.9.2-p290@rails3tutorial/gems/actionpack-3.0.9/lib/action_dispatch/middleware/templates/rescues/routing_error.erb within rescues/layout (4.6ms)


Started GET "/sessions" for 127.0.0.1 at 2011-09-19 16:07:00 +0200

ActionController::RoutingError (No route matches "/sessions"):
  

Rendered /home/mingot/.rvm/gems/ruby-1.9.2-p290@rails3tutorial/gems/actionpack-3.0.9/lib/action_dispatch/middleware/templates/rescues/routing_error.erb within rescues/layout (5.4ms)


Started GET "/signin" for 127.0.0.1 at 2011-09-19 16:07:16 +0200
  Processing by SessionsController#new as HTML
Rendered layouts/_stylesheets.html.erb (1.4ms)
Rendered layouts/_header.html.erb (1.5ms)
Rendered layouts/_footer.html.erb (1.2ms)
Rendered sessions/new.html.erb within layouts/application (12.7ms)
Completed 200 OK in 18ms (Views: 17.3ms | ActiveRecord: 0.0ms)


Started GET "/images/logo.png" for 127.0.0.1 at 2011-09-19 16:07:16 +0200

ActionController::RoutingError (No route matches "/images/logo.png"):
  

Rendered /home/mingot/.rvm/gems/ruby-1.9.2-p290@rails3tutorial/gems/actionpack-3.0.9/lib/action_dispatch/middleware/templates/rescues/routing_error.erb within rescues/layout (1.5ms)


Started POST "/sessions" for 127.0.0.1 at 2011-09-19 16:07:23 +0200
  Processing by SessionsController#create as HTML
  Parameters: {"utf8"=>"✓", "authenticity_token"=>"mzAQbaKhljxzHAZLoFpktISOz/qzYNbd8YrYWXcQS4g=", "session"=>{"email"=>"ramon@gmail.com", "password"=>"[FILTERED]"}, "commit"=>"Sign in"}
  [1m[35mUser Load (0.3ms)[0m  SELECT "users".* FROM "users" WHERE "users"."email" = 'ramon@gmail.com' LIMIT 1
Rendered layouts/_stylesheets.html.erb (1.6ms)
Rendered layouts/_header.html.erb (1.5ms)
Rendered layouts/_footer.html.erb (1.0ms)
Rendered sessions/new.html.erb within layouts/application (13.1ms)
Completed 200 OK in 42ms (Views: 17.6ms | ActiveRecord: 0.3ms)


Started GET "/images/logo.png" for 127.0.0.1 at 2011-09-19 16:07:23 +0200

ActionController::RoutingError (No route matches "/images/logo.png"):
  

Rendered /home/mingot/.rvm/gems/ruby-1.9.2-p290@rails3tutorial/gems/actionpack-3.0.9/lib/action_dispatch/middleware/templates/rescues/routing_error.erb within rescues/layout (72.3ms)


Started GET "/signup" for 127.0.0.1 at 2011-09-19 18:03:57 +0200
  Processing by UsersController#new as HTML
Rendered shared/_error_messages.html.erb (0.8ms)
Rendered layouts/_stylesheets.html.erb (1.5ms)
Rendered layouts/_header.html.erb (69.4ms)
Rendered users/new.html.erb within layouts/application (130.5ms)
Completed 500 Internal Server Error in 156ms

ActionView::Template::Error (undefined method `signed_in?' for #<#<Class:0x0000000264c588>:0x00000002649860>):
    3:   <nav class="round">
    4:     <ul>
    5:       <li><%= link_to "Home", root_path %></li>
    6:       <% if signed_in? %>
    7:       <li><%= link_to "Profile", current_user %></li>
    8:       <% end %>
    9:       <li><%= link_to "Help", help_path %></li>
  app/views/layouts/_header.html.erb:6:in `_app_views_layouts__header_html_erb__1499429443817206581_25836640_1524499233609344364'
  app/views/layouts/application.html.erb:10:in `_app_views_layouts_application_html_erb___666055387089898977_19955840__1380907363688413200'

Rendered /home/mingot/.rvm/gems/ruby-1.9.2-p290@rails3tutorial/gems/actionpack-3.0.9/lib/action_dispatch/middleware/templates/rescues/_trace.erb (1.8ms)
Rendered /home/mingot/.rvm/gems/ruby-1.9.2-p290@rails3tutorial/gems/actionpack-3.0.9/lib/action_dispatch/middleware/templates/rescues/_request_and_response.erb (4.0ms)
Rendered /home/mingot/.rvm/gems/ruby-1.9.2-p290@rails3tutorial/gems/actionpack-3.0.9/lib/action_dispatch/middleware/templates/rescues/template_error.erb within rescues/layout (12.5ms)


Started GET "/signup" for 127.0.0.1 at 2011-09-19 18:05:56 +0200
  Processing by UsersController#new as HTML
Rendered shared/_error_messages.html.erb (0.9ms)
Rendered layouts/_stylesheets.html.erb (1.5ms)
  [1m[36mUser Load (0.2ms)[0m  [1mSELECT "users".* FROM "users" WHERE "users"."id" IS NULL LIMIT 1[0m
  [1m[35mCACHE (0.0ms)[0m  SELECT "users".* FROM "users" WHERE "users"."id" IS NULL LIMIT 1
Rendered layouts/_header.html.erb (9.6ms)
Rendered layouts/_footer.html.erb (1.2ms)
Rendered users/new.html.erb within layouts/application (34.4ms)
Completed 200 OK in 118ms (Views: 39.8ms | ActiveRecord: 0.2ms)


Started GET "/images/logo.png" for 127.0.0.1 at 2011-09-19 18:05:57 +0200

ActionController::RoutingError (No route matches "/images/logo.png"):
  

Rendered /home/mingot/.rvm/gems/ruby-1.9.2-p290@rails3tutorial/gems/actionpack-3.0.9/lib/action_dispatch/middleware/templates/rescues/routing_error.erb within rescues/layout (3.8ms)


Started POST "/users" for 127.0.0.1 at 2011-09-19 18:06:12 +0200
  Processing by UsersController#create as HTML
  Parameters: {"utf8"=>"✓", "authenticity_token"=>"mzAQbaKhljxzHAZLoFpktISOz/qzYNbd8YrYWXcQS4g=", "user"=>{"name"=>"Josep Marc Mingot", "email"=>"jm.mingot@gmail.com", "password"=>"[FILTERED]", "password_confirmation"=>"[FILTERED]"}, "commit"=>"Sign up"}
  [1m[36mSQL (0.3ms)[0m  [1mSELECT 1 FROM "users" WHERE (LOWER("users"."email") = LOWER('jm.mingot@gmail.com')) LIMIT 1[0m
Rendered shared/_error_messages.html.erb (2.9ms)
Rendered layouts/_stylesheets.html.erb (1.7ms)
  [1m[35mUser Load (0.3ms)[0m  SELECT "users".* FROM "users" WHERE "users"."id" IS NULL LIMIT 1
  [1m[36mCACHE (0.0ms)[0m  [1mSELECT "users".* FROM "users" WHERE "users"."id" IS NULL LIMIT 1[0m
Rendered layouts/_header.html.erb (8.7ms)
Rendered layouts/_footer.html.erb (1.1ms)
Rendered users/new.html.erb within layouts/application (66.6ms)
Completed 200 OK in 109ms (Views: 71.1ms | ActiveRecord: 0.5ms)


Started GET "/images/logo.png" for 127.0.0.1 at 2011-09-19 18:06:12 +0200

ActionController::RoutingError (No route matches "/images/logo.png"):
  

Rendered /home/mingot/.rvm/gems/ruby-1.9.2-p290@rails3tutorial/gems/actionpack-3.0.9/lib/action_dispatch/middleware/templates/rescues/routing_error.erb within rescues/layout (13.0ms)


Started POST "/users" for 127.0.0.1 at 2011-09-19 18:06:24 +0200
  Processing by UsersController#create as HTML
  Parameters: {"utf8"=>"✓", "authenticity_token"=>"mzAQbaKhljxzHAZLoFpktISOz/qzYNbd8YrYWXcQS4g=", "user"=>{"name"=>"Josep Marc Mingot", "email"=>"jm.mingot@hotmail.com", "password"=>"[FILTERED]", "password_confirmation"=>"[FILTERED]"}, "commit"=>"Sign up"}
  [1m[35mSQL (0.2ms)[0m  SELECT 1 FROM "users" WHERE (LOWER("users"."email") = LOWER('jm.mingot@hotmail.com')) LIMIT 1
  [1m[36mAREL (0.3ms)[0m  [1mINSERT INTO "users" ("name", "email", "created_at", "updated_at", "encrypted_password", "salt") VALUES ('Josep Marc Mingot', 'jm.mingot@hotmail.com', '2011-09-19 16:06:24.414380', '2011-09-19 16:06:24.414380', 'bb5ab50d19084986bd25129cb9bb60f2ad045e89b526f73368af976f667e7d79', 'e88ee7285d4a22b621cecb578284598517401371ad5294169ade4e03b53423ce')[0m
Completed 500 Internal Server Error in 55ms

NoMethodError (undefined method `sign_in' for #<UsersController:0x00000002f8f6b8>):
  app/controllers/users_controller.rb:6:in `create'

Rendered /home/mingot/.rvm/gems/ruby-1.9.2-p290@rails3tutorial/gems/actionpack-3.0.9/lib/action_dispatch/middleware/templates/rescues/_trace.erb (1.7ms)
Rendered /home/mingot/.rvm/gems/ruby-1.9.2-p290@rails3tutorial/gems/actionpack-3.0.9/lib/action_dispatch/middleware/templates/rescues/_request_and_response.erb (6.2ms)
Rendered /home/mingot/.rvm/gems/ruby-1.9.2-p290@rails3tutorial/gems/actionpack-3.0.9/lib/action_dispatch/middleware/templates/rescues/diagnostics.erb within rescues/layout (15.0ms)


Started GET "/signup" for 127.0.0.1 at 2011-09-19 18:06:53 +0200
  Processing by UsersController#new as HTML
Rendered shared/_error_messages.html.erb (1.0ms)
Rendered layouts/_stylesheets.html.erb (1.7ms)
  [1m[35mUser Load (0.2ms)[0m  SELECT "users".* FROM "users" WHERE "users"."id" IS NULL LIMIT 1
  [1m[36mCACHE (0.0ms)[0m  [1mSELECT "users".* FROM "users" WHERE "users"."id" IS NULL LIMIT 1[0m
Rendered layouts/_header.html.erb (9.2ms)
Rendered layouts/_footer.html.erb (1.0ms)
Rendered users/new.html.erb within layouts/application (34.1ms)
Completed 200 OK in 61ms (Views: 38.9ms | ActiveRecord: 0.8ms)


Started GET "/images/logo.png" for 127.0.0.1 at 2011-09-19 18:06:53 +0200

ActionController::RoutingError (No route matches "/images/logo.png"):
  

Rendered /home/mingot/.rvm/gems/ruby-1.9.2-p290@rails3tutorial/gems/actionpack-3.0.9/lib/action_dispatch/middleware/templates/rescues/routing_error.erb within rescues/layout (2.6ms)


Started POST "/users" for 127.0.0.1 at 2011-09-19 18:07:05 +0200
  Processing by UsersController#create as HTML
  Parameters: {"utf8"=>"✓", "authenticity_token"=>"mzAQbaKhljxzHAZLoFpktISOz/qzYNbd8YrYWXcQS4g=", "user"=>{"name"=>"ramon", "email"=>"ramon@foki.com", "password"=>"[FILTERED]", "password_confirmation"=>"[FILTERED]"}, "commit"=>"Sign up"}
  [1m[35mSQL (0.2ms)[0m  SELECT 1 FROM "users" WHERE (LOWER("users"."email") = LOWER('ramon@foki.com')) LIMIT 1
  [1m[36mAREL (0.3ms)[0m  [1mINSERT INTO "users" ("name", "email", "created_at", "updated_at", "encrypted_password", "salt") VALUES ('ramon', 'ramon@foki.com', '2011-09-19 16:07:05.190960', '2011-09-19 16:07:05.190960', '2904fe57cebdb45e4688c2cd6a964f1e1193de634b636cc9e3858f875d8160d8', '6f409d74d08b12a7c8da7baa188707f2ee38c9bf9ea4e5b400887f09217aae31')[0m
Redirected to http://localhost:3000/users/4
Completed 302 Found in 58ms


Started GET "/users/4" for 127.0.0.1 at 2011-09-19 18:07:05 +0200
  Processing by UsersController#show as HTML
  Parameters: {"id"=>"4"}
  [1m[35mUser Load (0.3ms)[0m  SELECT "users".* FROM "users" WHERE "users"."id" = 4 LIMIT 1
Rendered layouts/_stylesheets.html.erb (1.5ms)
  [1m[36mCACHE (0.0ms)[0m  [1mSELECT "users".* FROM "users" WHERE "users"."id" = 4 LIMIT 1[0m
  [1m[35mSQL (0.3ms)[0m   SELECT name
 FROM sqlite_master
 WHERE type = 'table' AND NOT name = 'sqlite_sequence'
Rendered layouts/_header.html.erb (3.4ms)
Rendered users/show.html.erb within layouts/application (69.8ms)
Completed 500 Internal Server Error in 98ms

ActionView::Template::Error (undefined local variable or method `cookie_salt' for #<Class:0x00000002c45340>):
    3:   <nav class="round">
    4:     <ul>
    5:       <li><%= link_to "Home", root_path %></li>
    6:       <% if signed_in? %>
    7:       <li><%= link_to "Profile", current_user %></li>
    8:       <% end %>
    9:       <li><%= link_to "Help", help_path %></li>
  app/models/user.rb:40:in `authenticate_with_salt'
  app/helpers/sessions_helper.rb:26:in `user_from_remember_token'
  app/helpers/sessions_helper.rb:13:in `current_user'
  app/helpers/sessions_helper.rb:22:in `signed_in?'
  app/views/layouts/_header.html.erb:6:in `_app_views_layouts__header_html_erb__1499429443817206581_25873980_1524499233609344364'
  app/views/layouts/application.html.erb:10:in `_app_views_layouts_application_html_erb___666055387089898977_21965800__1380907363688413200'

Rendered /home/mingot/.rvm/gems/ruby-1.9.2-p290@rails3tutorial/gems/actionpack-3.0.9/lib/action_dispatch/middleware/templates/rescues/_trace.erb (1.6ms)
Rendered /home/mingot/.rvm/gems/ruby-1.9.2-p290@rails3tutorial/gems/actionpack-3.0.9/lib/action_dispatch/middleware/templates/rescues/_request_and_response.erb (4.9ms)
Rendered /home/mingot/.rvm/gems/ruby-1.9.2-p290@rails3tutorial/gems/actionpack-3.0.9/lib/action_dispatch/middleware/templates/rescues/template_error.erb within rescues/layout (13.1ms)


Started GET "/signup" for 127.0.0.1 at 2011-09-19 18:09:16 +0200
  Processing by UsersController#new as HTML
Rendered shared/_error_messages.html.erb (0.9ms)
Rendered layouts/_stylesheets.html.erb (1.5ms)
  [1m[36mUser Load (0.3ms)[0m  [1mSELECT "users".* FROM "users" WHERE "users"."id" = 4 LIMIT 1[0m
Rendered layouts/_header.html.erb (47.6ms)
Rendered layouts/_footer.html.erb (1.1ms)
Rendered users/new.html.erb within layouts/application (74.4ms)
Completed 200 OK in 100ms (Views: 79.3ms | ActiveRecord: 0.3ms)


Started GET "/images/logo.png" for 127.0.0.1 at 2011-09-19 18:09:16 +0200

ActionController::RoutingError (No route matches "/images/logo.png"):
  

Rendered /home/mingot/.rvm/gems/ruby-1.9.2-p290@rails3tutorial/gems/actionpack-3.0.9/lib/action_dispatch/middleware/templates/rescues/routing_error.erb within rescues/layout (2.6ms)


Started POST "/users" for 127.0.0.1 at 2011-09-19 18:09:32 +0200
  Processing by UsersController#create as HTML
  Parameters: {"utf8"=>"✓", "authenticity_token"=>"mzAQbaKhljxzHAZLoFpktISOz/qzYNbd8YrYWXcQS4g=", "user"=>{"name"=>"ramonet", "email"=>"josep@garrigues.com", "password"=>"[FILTERED]", "password_confirmation"=>"[FILTERED]"}, "commit"=>"Sign up"}
  [1m[35mSQL (0.2ms)[0m  SELECT 1 FROM "users" WHERE (LOWER("users"."email") = LOWER('josep@garrigues.com')) LIMIT 1
  [1m[36mAREL (0.4ms)[0m  [1mINSERT INTO "users" ("name", "email", "created_at", "updated_at", "encrypted_password", "salt") VALUES ('ramonet', 'josep@garrigues.com', '2011-09-19 16:09:32.624650', '2011-09-19 16:09:32.624650', '4f3782b9712f48ed8e7716f9e7dabff00664f8a64aeac858417eb62f606017c0', '386eda026724cb39063aefd7ee65c5b1d05cba9808cb465b3348ac912251a6a9')[0m
Redirected to http://localhost:3000/users/5
Completed 302 Found in 48ms


Started GET "/users/5" for 127.0.0.1 at 2011-09-19 18:09:32 +0200
  Processing by UsersController#show as HTML
  Parameters: {"id"=>"5"}
  [1m[35mUser Load (0.4ms)[0m  SELECT "users".* FROM "users" WHERE "users"."id" = 5 LIMIT 1
Rendered layouts/_stylesheets.html.erb (1.6ms)
  [1m[36mCACHE (0.0ms)[0m  [1mSELECT "users".* FROM "users" WHERE "users"."id" = 5 LIMIT 1[0m
Rendered layouts/_header.html.erb (4.2ms)
Rendered layouts/_footer.html.erb (1.0ms)
Rendered users/show.html.erb within layouts/application (30.5ms)
Completed 200 OK in 57ms (Views: 35.2ms | ActiveRecord: 0.9ms)


Started GET "/images/logo.png" for 127.0.0.1 at 2011-09-19 18:09:32 +0200

ActionController::RoutingError (No route matches "/images/logo.png"):
  

Rendered /home/mingot/.rvm/gems/ruby-1.9.2-p290@rails3tutorial/gems/actionpack-3.0.9/lib/action_dispatch/middleware/templates/rescues/routing_error.erb within rescues/layout (1.5ms)


Started GET "/signout" for 127.0.0.1 at 2011-09-19 18:10:05 +0200
  Processing by SessionsController#destroy as HTML
Redirected to http://localhost:3000/
Completed 302 Found in 1ms


Started GET "/" for 127.0.0.1 at 2011-09-19 18:10:05 +0200
  Processing by PagesController#home as HTML
Rendered layouts/_stylesheets.html.erb (1.6ms)
  [1m[35mUser Load (0.2ms)[0m  SELECT "users".* FROM "users" WHERE "users"."id" IS NULL LIMIT 1
  [1m[36mCACHE (0.0ms)[0m  [1mSELECT "users".* FROM "users" WHERE "users"."id" IS NULL LIMIT 1[0m
Rendered layouts/_header.html.erb (73.6ms)
Rendered layouts/_footer.html.erb (1.1ms)
Rendered pages/home.html.erb within layouts/application (82.9ms)
Completed 200 OK in 92ms (Views: 91.1ms | ActiveRecord: 0.2ms)


Started GET "/images/logo.png" for 127.0.0.1 at 2011-09-19 18:10:05 +0200

ActionController::RoutingError (No route matches "/images/logo.png"):
  

Rendered /home/mingot/.rvm/gems/ruby-1.9.2-p290@rails3tutorial/gems/actionpack-3.0.9/lib/action_dispatch/middleware/templates/rescues/routing_error.erb within rescues/layout (2.7ms)
